<?xml version="1.0" encoding="UTF-8"?>
<!-- Generated by org.testng.reporters.JUnitReportReporter -->
<testsuite hostname="DESKTOP-OCILFMC" failures="0" tests="1" name="realTracTests.ReportsPageTests" time="1.269" errors="0" timestamp="2020-12-18T09:15:54 MSK" skipped="0">
  <testcase classname="realTracTests.ReportsPageTests" name="create_report" time="1.269"/>
</testsuite> <!-- realTracTests.ReportsPageTests -->
