<?xml version="1.0" encoding="UTF-8"?>
<!-- Generated by org.testng.reporters.JUnitReportReporter -->
<testsuite hostname="DESKTOP-OCILFMC" failures="0" tests="1" name="realTracTests.MainPageTests" time="2.567" errors="0" timestamp="2020-12-18T09:15:54 MSK" skipped="0">
  <testcase classname="realTracTests.MainPageTests" name="RT460" time="2.567"/>
</testsuite> <!-- realTracTests.MainPageTests -->
